<?xml version="1.0" encoding="UTF-8"?>
<!-- Generated by org.testng.reporters.JUnitReportReporter -->
<testsuite skipped="0" hostname="192.168.1.5" name="com.qa.maven.AirtmeticConcepts" tests="3" failures="0" timestamp="18 Mar 2020 19:03:35 GMT" time="0.013" errors="0">
  <testcase name="sub" time="0.002" classname="com.qa.maven.AirtmeticConcepts"/>
  <testcase name="sum" time="0.001" classname="com.qa.maven.AirtmeticConcepts"/>
  <testcase name="mul" time="0.010" classname="com.qa.maven.AirtmeticConcepts"/>
</testsuite> <!-- com.qa.maven.AirtmeticConcepts -->
