<?xml version="1.0" encoding="UTF-8"?>
<!-- Generated by org.testng.reporters.JUnitReportReporter -->
<testsuite skipped="0" hostname="192.168.1.5" name="com.qa.maven.AirtmeticConcepts2" tests="3" failures="0" timestamp="19 Mar 2020 18:46:19 GMT" time="0.000" errors="0">
  <testcase name="sum" time="0.000" classname="com.qa.maven.AirtmeticConcepts2"/>
  <testcase name="mul" time="0.000" classname="com.qa.maven.AirtmeticConcepts2"/>
  <testcase name="sub" time="0.000" classname="com.qa.maven.AirtmeticConcepts2"/>
</testsuite> <!-- com.qa.maven.AirtmeticConcepts2 -->
